<?xml version="1.0" encoding="UTF-8"?>
<!-- Generated by org.testng.reporters.JUnitXMLReporter -->
<testsuite ignored="0" hostname="LAPTOP-CK13R8ST" failures="0" tests="3" name="Default test" time="0.047" errors="0" timestamp="2023-02-06T11:32:54 IST">
  <testcase classname="FacebookProjectTests.TestNGVerifySignUpForm" name="@BeforeTest launchBrowser" time="-1.675663374507E9">
    <failure type="org.testng.TestNGException" message="
Parameter &amp;apos;browser01&amp;apos; is required by BeforeTest on method launchBrowser but has not been marked @Optional or defined
in C:\Users\PRIYA\AppData\Local\Temp\testng-eclipse--1871855114\testng-customsuite.xml">
      <![CDATA[org.testng.TestNGException: 
Parameter 'browser01' is required by BeforeTest on method launchBrowser but has not been marked @Optional or defined
in C:\Users\PRIYA\AppData\Local\Temp\testng-eclipse--1871855114\testng-customsuite.xml
at org.testng.internal.Parameters.createParams(Parameters.java:270)
at org.testng.internal.Parameters.createParametersForMethod(Parameters.java:358)
at org.testng.internal.Parameters.createParameters(Parameters.java:700)
at org.testng.internal.Parameters.createConfigurationParameters(Parameters.java:168)
at org.testng.internal.ConfigInvoker.invokeConfigurations(ConfigInvoker.java:302)
at org.testng.TestRunner.invokeTestConfigurations(TestRunner.java:637)
at org.testng.TestRunner.beforeRun(TestRunner.java:627)
at org.testng.TestRunner.run(TestRunner.java:589)
at org.testng.SuiteRunner.runTest(SuiteRunner.java:377)
at org.testng.SuiteRunner.runSequentially(SuiteRunner.java:371)
at org.testng.SuiteRunner.privateRun(SuiteRunner.java:332)
at org.testng.SuiteRunner.run(SuiteRunner.java:276)
at org.testng.SuiteRunnerWorker.runSuite(SuiteRunnerWorker.java:53)
at org.testng.SuiteRunnerWorker.run(SuiteRunnerWorker.java:96)
at org.testng.TestNG.runSuitesSequentially(TestNG.java:1212)
at org.testng.TestNG.runSuitesLocally(TestNG.java:1134)
at org.testng.TestNG.runSuites(TestNG.java:1063)
at org.testng.TestNG.run(TestNG.java:1031)
at org.testng.remote.AbstractRemoteTestNG.run(AbstractRemoteTestNG.java:115)
at org.testng.remote.RemoteTestNG.initAndRun(RemoteTestNG.java:251)
at org.testng.remote.RemoteTestNG.main(RemoteTestNG.java:77)
]]>
    </failure>
  </testcase> <!-- @BeforeTest launchBrowser -->
  <testcase classname="FacebookProjectTests.TestNGVerifySignUpForm" name="@BeforeClass createPOMObject" time="-1.675663374525E9">
    <skipped/>
  </testcase> <!-- @BeforeClass createPOMObject -->
  <testcase classname="FacebookProjectTests.TestNGVerifySignUpForm" name="@BeforeMethod beforeMethod" time="-1.675663374533E9">
    <skipped/>
  </testcase> <!-- @BeforeMethod beforeMethod -->
  <testcase classname="FacebookProjectTests.TestNGVerifySignUpForm" name="@AfterMethod goBackToMainPage" time="-1.675663374538E9">
    <skipped/>
  </testcase> <!-- @AfterMethod goBackToMainPage -->
  <testcase classname="FacebookProjectTests.TestNGVerifySignUpForm" name="@BeforeMethod beforeMethod" time="-1.67566337454E9">
    <skipped/>
  </testcase> <!-- @BeforeMethod beforeMethod -->
  <testcase classname="FacebookProjectTests.TestNGVerifySignUpForm" name="@AfterMethod goBackToMainPage" time="-1.675663374544E9">
    <skipped/>
  </testcase> <!-- @AfterMethod goBackToMainPage -->
  <testcase classname="FacebookProjectTests.TestNGVerifySignUpForm" name="@BeforeMethod beforeMethod" time="-1.675663374545E9">
    <skipped/>
  </testcase> <!-- @BeforeMethod beforeMethod -->
  <testcase classname="FacebookProjectTests.TestNGVerifySignUpForm" name="@AfterMethod goBackToMainPage" time="-1.675663374547E9">
    <skipped/>
  </testcase> <!-- @AfterMethod goBackToMainPage -->
  <testcase classname="FacebookProjectTests.TestNGVerifySignUpForm" name="@AfterClass closeTheBrowser" time="-1.675663374548E9">
    <skipped/>
  </testcase> <!-- @AfterClass closeTheBrowser -->
  <testcase classname="FacebookProjectTests.TestNGVerifySignUpForm" name="verifyPrivacyPolicyLinkOnSignUpFORM" time="0.0">
    <skipped/>
  </testcase> <!-- verifyPrivacyPolicyLinkOnSignUpFORM -->
  <testcase classname="FacebookProjectTests.TestNGVerifySignUpForm" name="verifySignUpFORM" time="0.0">
    <skipped/>
  </testcase> <!-- verifySignUpFORM -->
  <testcase classname="FacebookProjectTests.TestNGVerifySignUpForm" name="verifyTermsLinkOnSignUpFORM" time="0.0">
    <skipped/>
  </testcase> <!-- verifyTermsLinkOnSignUpFORM -->
</testsuite> <!-- Default test -->
