<?xml version="1.0" encoding="UTF-8"?>
<testng-results ignored="0" total="8" passed="4" failed="4" skipped="0">
  <reporter-output>
  </reporter-output>
  <suite started-at="2023-02-12T17:43:16 IST" name="Suite" finished-at="2023-02-12T17:43:36 IST" duration-ms="20430">
    <groups>
    </groups>
    <test started-at="2023-02-12T17:43:16 IST" name="ChromeTest" finished-at="2023-02-12T17:43:30 IST" duration-ms="14581">
      <class name="FacebookProjectTests.TestNGVerifyLoginFunctionality">
        <test-method is-config="true" signature="launchBrowser(java.lang.String)[pri:0, instance:FacebookProjectTests.TestNGVerifyLoginFunctionality@1817d444]" started-at="2023-02-12T17:43:16 IST" name="launchBrowser" finished-at="2023-02-12T17:43:18 IST" duration-ms="2609" status="PASS">
          <params>
            <param index="0">
              <value>
                <![CDATA[Chrome]]>
              </value>
            </param>
          </params>
          <reporter-output>
          </reporter-output>
        </test-method> <!-- launchBrowser -->
        <test-method is-config="true" signature="createPOMObjects()[pri:0, instance:FacebookProjectTests.TestNGVerifyLoginFunctionality@1817d444]" started-at="2023-02-12T17:43:21 IST" name="createPOMObjects" finished-at="2023-02-12T17:43:21 IST" duration-ms="66" status="PASS">
          <reporter-output>
          </reporter-output>
        </test-method> <!-- createPOMObjects -->
        <test-method is-config="true" signature="beforeMethod()[pri:0, instance:FacebookProjectTests.TestNGVerifyLoginFunctionality@1817d444]" started-at="2023-02-12T17:43:21 IST" name="beforeMethod" finished-at="2023-02-12T17:43:22 IST" duration-ms="1091" status="PASS">
          <reporter-output>
          </reporter-output>
        </test-method> <!-- beforeMethod -->
        <test-method signature="test1()[pri:0, instance:FacebookProjectTests.TestNGVerifyLoginFunctionality@1817d444]" started-at="2023-02-12T17:43:22 IST" name="test1" finished-at="2023-02-12T17:43:22 IST" duration-ms="26" status="FAIL">
          <exception class="java.lang.NoClassDefFoundError">
            <message>
              <![CDATA[org/apache/logging/log4j/LogManager]]>
            </message>
            <full-stacktrace>
              <![CDATA[java.lang.NoClassDefFoundError: org/apache/logging/log4j/LogManager
at org.apache.poi.util.IOUtils.<clinit>(IOUtils.java:43)
at org.apache.poi.poifs.filesystem.FileMagic.valueOf(FileMagic.java:209)
at org.apache.poi.ss.usermodel.WorkbookFactory.create(WorkbookFactory.java:222)
at org.apache.poi.ss.usermodel.WorkbookFactory.create(WorkbookFactory.java:185)
at utils.Utility.getDataFromExcelSheet(Utility.java:41)
at FacebookProjectTests.TestNGVerifyLoginFunctionality.test1(TestNGVerifyLoginFunctionality.java:72)
at java.base/jdk.internal.reflect.NativeMethodAccessorImpl.invoke0(Native Method)
at java.base/jdk.internal.reflect.NativeMethodAccessorImpl.invoke(NativeMethodAccessorImpl.java:77)
at java.base/jdk.internal.reflect.DelegatingMethodAccessorImpl.invoke(DelegatingMethodAccessorImpl.java:43)
at java.base/java.lang.reflect.Method.invoke(Method.java:568)
at org.testng.internal.MethodInvocationHelper.invokeMethod(MethodInvocationHelper.java:133)
at org.testng.internal.TestInvoker.invokeMethod(TestInvoker.java:598)
at org.testng.internal.TestInvoker.invokeTestMethod(TestInvoker.java:173)
at org.testng.internal.MethodRunner.runInSequence(MethodRunner.java:46)
at org.testng.internal.TestInvoker$MethodInvocationAgent.invoke(TestInvoker.java:824)
at org.testng.internal.TestInvoker.invokeTestMethods(TestInvoker.java:146)
at org.testng.internal.TestMethodWorker.invokeTestMethods(TestMethodWorker.java:146)
at org.testng.internal.TestMethodWorker.run(TestMethodWorker.java:128)
at java.base/java.util.ArrayList.forEach(ArrayList.java:1511)
at org.testng.TestRunner.privateRun(TestRunner.java:794)
at org.testng.TestRunner.run(TestRunner.java:596)
at org.testng.SuiteRunner.runTest(SuiteRunner.java:377)
at org.testng.SuiteRunner.access$000(SuiteRunner.java:28)
at org.testng.SuiteRunner$SuiteWorker.run(SuiteRunner.java:418)
at org.testng.internal.thread.ThreadUtil.lambda$execute$0(ThreadUtil.java:64)
at java.base/java.util.concurrent.FutureTask.run(FutureTask.java:264)
at java.base/java.util.concurrent.ThreadPoolExecutor.runWorker(ThreadPoolExecutor.java:1136)
at java.base/java.util.concurrent.ThreadPoolExecutor$Worker.run(ThreadPoolExecutor.java:635)
at java.base/java.lang.Thread.run(Thread.java:833)
Caused by: java.lang.ClassNotFoundException: org.apache.logging.log4j.LogManager
at java.base/jdk.internal.loader.BuiltinClassLoader.loadClass(BuiltinClassLoader.java:641)
at java.base/jdk.internal.loader.ClassLoaders$AppClassLoader.loadClass(ClassLoaders.java:188)
at java.base/java.lang.ClassLoader.loadClass(ClassLoader.java:520)
... 29 more
]]>
            </full-stacktrace>
          </exception> <!-- java.lang.NoClassDefFoundError -->
          <reporter-output>
          </reporter-output>
        </test-method> <!-- test1 -->
        <test-method is-config="true" signature="goBackToMainPage(org.testng.ITestResult)[pri:0, instance:FacebookProjectTests.TestNGVerifyLoginFunctionality@1817d444]" started-at="2023-02-12T17:43:22 IST" name="goBackToMainPage" finished-at="2023-02-12T17:43:22 IST" duration-ms="247" status="PASS">
          <params>
            <param index="0">
              <value>
                <![CDATA[[TestResult name=test1 status=FAILURE method=TestNGVerifyLoginFunctionality.test1()[pri:0, instance:FacebookProjectTests.TestNGVerifyLoginFunctionality@1817d444] output={null}]]]>
              </value>
            </param>
          </params>
          <reporter-output>
          </reporter-output>
        </test-method> <!-- goBackToMainPage -->
        <test-method is-config="true" signature="closeTheBrowser()[pri:0, instance:FacebookProjectTests.TestNGVerifyLoginFunctionality@1817d444]" started-at="2023-02-12T17:43:22 IST" name="closeTheBrowser" finished-at="2023-02-12T17:43:24 IST" duration-ms="1661" status="PASS">
          <reporter-output>
          </reporter-output>
        </test-method> <!-- closeTheBrowser -->
      </class> <!-- FacebookProjectTests.TestNGVerifyLoginFunctionality -->
      <class name="FacebookProjectTests.TestNGVerifySignUpForm">
        <test-method is-config="true" signature="launchBrowser(java.lang.String)[pri:0, instance:FacebookProjectTests.TestNGVerifySignUpForm@41e36e46]" started-at="2023-02-12T17:43:18 IST" name="launchBrowser" finished-at="2023-02-12T17:43:21 IST" duration-ms="2452" status="PASS">
          <params>
            <param index="0">
              <value>
                <![CDATA[Chrome]]>
              </value>
            </param>
          </params>
          <reporter-output>
          </reporter-output>
        </test-method> <!-- launchBrowser -->
        <test-method is-config="true" signature="createPOMObject()[pri:0, instance:FacebookProjectTests.TestNGVerifySignUpForm@41e36e46]" started-at="2023-02-12T17:43:24 IST" name="createPOMObject" finished-at="2023-02-12T17:43:24 IST" duration-ms="15" status="PASS">
          <reporter-output>
          </reporter-output>
        </test-method> <!-- createPOMObject -->
        <test-method is-config="true" signature="beforeMethod()[pri:0, instance:FacebookProjectTests.TestNGVerifySignUpForm@41e36e46]" started-at="2023-02-12T17:43:24 IST" name="beforeMethod" finished-at="2023-02-12T17:43:25 IST" duration-ms="1160" status="PASS">
          <reporter-output>
          </reporter-output>
        </test-method> <!-- beforeMethod -->
        <test-method signature="verifyPrivacyPolicyLinkOnSignUpFORM()[pri:0, instance:FacebookProjectTests.TestNGVerifySignUpForm@41e36e46]" started-at="2023-02-12T17:43:25 IST" name="verifyPrivacyPolicyLinkOnSignUpFORM" finished-at="2023-02-12T17:43:27 IST" duration-ms="2328" status="PASS">
          <reporter-output>
          </reporter-output>
        </test-method> <!-- verifyPrivacyPolicyLinkOnSignUpFORM -->
        <test-method is-config="true" signature="goBackToMainPage(org.testng.ITestResult)[pri:0, instance:FacebookProjectTests.TestNGVerifySignUpForm@41e36e46]" started-at="2023-02-12T17:43:27 IST" name="goBackToMainPage" finished-at="2023-02-12T17:43:27 IST" duration-ms="53" status="PASS">
          <params>
            <param index="0">
              <value>
                <![CDATA[[TestResult name=verifyPrivacyPolicyLinkOnSignUpFORM status=SUCCESS method=TestNGVerifySignUpForm.verifyPrivacyPolicyLinkOnSignUpFORM()[pri:0, instance:FacebookProjectTests.TestNGVerifySignUpForm@41e36e46] output={null}]]]>
              </value>
            </param>
          </params>
          <reporter-output>
          </reporter-output>
        </test-method> <!-- goBackToMainPage -->
        <test-method is-config="true" signature="beforeMethod()[pri:0, instance:FacebookProjectTests.TestNGVerifySignUpForm@41e36e46]" started-at="2023-02-12T17:43:27 IST" name="beforeMethod" finished-at="2023-02-12T17:43:28 IST" duration-ms="587" status="PASS">
          <reporter-output>
          </reporter-output>
        </test-method> <!-- beforeMethod -->
        <test-method signature="verifySignUpFORM()[pri:0, instance:FacebookProjectTests.TestNGVerifySignUpForm@41e36e46]" started-at="2023-02-12T17:43:28 IST" name="verifySignUpFORM" finished-at="2023-02-12T17:43:28 IST" duration-ms="8" status="FAIL">
          <exception class="java.lang.NoClassDefFoundError">
            <message>
              <![CDATA[Could not initialize class org.apache.poi.util.IOUtils]]>
            </message>
            <full-stacktrace>
              <![CDATA[java.lang.NoClassDefFoundError: Could not initialize class org.apache.poi.util.IOUtils
at org.apache.poi.poifs.filesystem.FileMagic.valueOf(FileMagic.java:209)
at org.apache.poi.ss.usermodel.WorkbookFactory.create(WorkbookFactory.java:222)
at org.apache.poi.ss.usermodel.WorkbookFactory.create(WorkbookFactory.java:185)
at utils.Utility.getDataFromExcelSheet(Utility.java:41)
at FacebookProjectTests.TestNGVerifySignUpForm.verifySignUpFORM(TestNGVerifySignUpForm.java:115)
at java.base/jdk.internal.reflect.NativeMethodAccessorImpl.invoke0(Native Method)
at java.base/jdk.internal.reflect.NativeMethodAccessorImpl.invoke(NativeMethodAccessorImpl.java:77)
at java.base/jdk.internal.reflect.DelegatingMethodAccessorImpl.invoke(DelegatingMethodAccessorImpl.java:43)
at java.base/java.lang.reflect.Method.invoke(Method.java:568)
at org.testng.internal.MethodInvocationHelper.invokeMethod(MethodInvocationHelper.java:133)
at org.testng.internal.TestInvoker.invokeMethod(TestInvoker.java:598)
at org.testng.internal.TestInvoker.invokeTestMethod(TestInvoker.java:173)
at org.testng.internal.MethodRunner.runInSequence(MethodRunner.java:46)
at org.testng.internal.TestInvoker$MethodInvocationAgent.invoke(TestInvoker.java:824)
at org.testng.internal.TestInvoker.invokeTestMethods(TestInvoker.java:146)
at org.testng.internal.TestMethodWorker.invokeTestMethods(TestMethodWorker.java:146)
at org.testng.internal.TestMethodWorker.run(TestMethodWorker.java:128)
at java.base/java.util.ArrayList.forEach(ArrayList.java:1511)
at org.testng.TestRunner.privateRun(TestRunner.java:794)
at org.testng.TestRunner.run(TestRunner.java:596)
at org.testng.SuiteRunner.runTest(SuiteRunner.java:377)
at org.testng.SuiteRunner.access$000(SuiteRunner.java:28)
at org.testng.SuiteRunner$SuiteWorker.run(SuiteRunner.java:418)
at org.testng.internal.thread.ThreadUtil.lambda$execute$0(ThreadUtil.java:64)
at java.base/java.util.concurrent.FutureTask.run(FutureTask.java:264)
at java.base/java.util.concurrent.ThreadPoolExecutor.runWorker(ThreadPoolExecutor.java:1136)
at java.base/java.util.concurrent.ThreadPoolExecutor$Worker.run(ThreadPoolExecutor.java:635)
at java.base/java.lang.Thread.run(Thread.java:833)
]]>
            </full-stacktrace>
          </exception> <!-- java.lang.NoClassDefFoundError -->
          <reporter-output>
          </reporter-output>
        </test-method> <!-- verifySignUpFORM -->
        <test-method is-config="true" signature="goBackToMainPage(org.testng.ITestResult)[pri:0, instance:FacebookProjectTests.TestNGVerifySignUpForm@41e36e46]" started-at="2023-02-12T17:43:28 IST" name="goBackToMainPage" finished-at="2023-02-12T17:43:28 IST" duration-ms="321" status="PASS">
          <params>
            <param index="0">
              <value>
                <![CDATA[[TestResult name=verifySignUpFORM status=FAILURE method=TestNGVerifySignUpForm.verifySignUpFORM()[pri:0, instance:FacebookProjectTests.TestNGVerifySignUpForm@41e36e46] output={null}]]]>
              </value>
            </param>
          </params>
          <reporter-output>
          </reporter-output>
        </test-method> <!-- goBackToMainPage -->
        <test-method is-config="true" signature="beforeMethod()[pri:0, instance:FacebookProjectTests.TestNGVerifySignUpForm@41e36e46]" started-at="2023-02-12T17:43:28 IST" name="beforeMethod" finished-at="2023-02-12T17:43:29 IST" duration-ms="712" status="PASS">
          <reporter-output>
          </reporter-output>
        </test-method> <!-- beforeMethod -->
        <test-method signature="verifyTermsLinkOnSignUpFORM()[pri:0, instance:FacebookProjectTests.TestNGVerifySignUpForm@41e36e46]" started-at="2023-02-12T17:43:29 IST" name="verifyTermsLinkOnSignUpFORM" finished-at="2023-02-12T17:43:30 IST" duration-ms="813" status="PASS">
          <reporter-output>
          </reporter-output>
        </test-method> <!-- verifyTermsLinkOnSignUpFORM -->
        <test-method is-config="true" signature="goBackToMainPage(org.testng.ITestResult)[pri:0, instance:FacebookProjectTests.TestNGVerifySignUpForm@41e36e46]" started-at="2023-02-12T17:43:30 IST" name="goBackToMainPage" finished-at="2023-02-12T17:43:30 IST" duration-ms="27" status="PASS">
          <params>
            <param index="0">
              <value>
                <![CDATA[[TestResult name=verifyTermsLinkOnSignUpFORM status=SUCCESS method=TestNGVerifySignUpForm.verifyTermsLinkOnSignUpFORM()[pri:0, instance:FacebookProjectTests.TestNGVerifySignUpForm@41e36e46] output={null}]]]>
              </value>
            </param>
          </params>
          <reporter-output>
          </reporter-output>
        </test-method> <!-- goBackToMainPage -->
        <test-method is-config="true" signature="closeTheBrowser()[pri:0, instance:FacebookProjectTests.TestNGVerifySignUpForm@41e36e46]" started-at="2023-02-12T17:43:30 IST" name="closeTheBrowser" finished-at="2023-02-12T17:43:30 IST" duration-ms="318" status="PASS">
          <reporter-output>
          </reporter-output>
        </test-method> <!-- closeTheBrowser -->
      </class> <!-- FacebookProjectTests.TestNGVerifySignUpForm -->
    </test> <!-- ChromeTest -->
    <test started-at="2023-02-12T17:43:16 IST" name="EdgeTest" finished-at="2023-02-12T17:43:36 IST" duration-ms="20430">
      <class name="FacebookProjectTests.TestNGVerifyLoginFunctionality">
        <test-method is-config="true" signature="launchBrowser(java.lang.String)[pri:0, instance:FacebookProjectTests.TestNGVerifyLoginFunctionality@7fa98a66]" started-at="2023-02-12T17:43:16 IST" name="launchBrowser" finished-at="2023-02-12T17:43:20 IST" duration-ms="4120" status="PASS">
          <params>
            <param index="0">
              <value>
                <![CDATA[Edge]]>
              </value>
            </param>
          </params>
          <reporter-output>
          </reporter-output>
        </test-method> <!-- launchBrowser -->
        <test-method is-config="true" signature="createPOMObjects()[pri:0, instance:FacebookProjectTests.TestNGVerifyLoginFunctionality@7fa98a66]" started-at="2023-02-12T17:43:24 IST" name="createPOMObjects" finished-at="2023-02-12T17:43:24 IST" duration-ms="3" status="PASS">
          <reporter-output>
          </reporter-output>
        </test-method> <!-- createPOMObjects -->
        <test-method is-config="true" signature="beforeMethod()[pri:0, instance:FacebookProjectTests.TestNGVerifyLoginFunctionality@7fa98a66]" started-at="2023-02-12T17:43:24 IST" name="beforeMethod" finished-at="2023-02-12T17:43:26 IST" duration-ms="1884" status="PASS">
          <reporter-output>
          </reporter-output>
        </test-method> <!-- beforeMethod -->
        <test-method signature="test1()[pri:0, instance:FacebookProjectTests.TestNGVerifyLoginFunctionality@7fa98a66]" started-at="2023-02-12T17:43:26 IST" name="test1" finished-at="2023-02-12T17:43:26 IST" duration-ms="16" status="FAIL">
          <exception class="java.lang.NoClassDefFoundError">
            <message>
              <![CDATA[Could not initialize class org.apache.poi.util.IOUtils]]>
            </message>
            <full-stacktrace>
              <![CDATA[java.lang.NoClassDefFoundError: Could not initialize class org.apache.poi.util.IOUtils
at org.apache.poi.poifs.filesystem.FileMagic.valueOf(FileMagic.java:209)
at org.apache.poi.ss.usermodel.WorkbookFactory.create(WorkbookFactory.java:222)
at org.apache.poi.ss.usermodel.WorkbookFactory.create(WorkbookFactory.java:185)
at utils.Utility.getDataFromExcelSheet(Utility.java:41)
at FacebookProjectTests.TestNGVerifyLoginFunctionality.test1(TestNGVerifyLoginFunctionality.java:72)
at java.base/jdk.internal.reflect.NativeMethodAccessorImpl.invoke0(Native Method)
at java.base/jdk.internal.reflect.NativeMethodAccessorImpl.invoke(NativeMethodAccessorImpl.java:77)
at java.base/jdk.internal.reflect.DelegatingMethodAccessorImpl.invoke(DelegatingMethodAccessorImpl.java:43)
at java.base/java.lang.reflect.Method.invoke(Method.java:568)
at org.testng.internal.MethodInvocationHelper.invokeMethod(MethodInvocationHelper.java:133)
at org.testng.internal.TestInvoker.invokeMethod(TestInvoker.java:598)
at org.testng.internal.TestInvoker.invokeTestMethod(TestInvoker.java:173)
at org.testng.internal.MethodRunner.runInSequence(MethodRunner.java:46)
at org.testng.internal.TestInvoker$MethodInvocationAgent.invoke(TestInvoker.java:824)
at org.testng.internal.TestInvoker.invokeTestMethods(TestInvoker.java:146)
at org.testng.internal.TestMethodWorker.invokeTestMethods(TestMethodWorker.java:146)
at org.testng.internal.TestMethodWorker.run(TestMethodWorker.java:128)
at java.base/java.util.ArrayList.forEach(ArrayList.java:1511)
at org.testng.TestRunner.privateRun(TestRunner.java:794)
at org.testng.TestRunner.run(TestRunner.java:596)
at org.testng.SuiteRunner.runTest(SuiteRunner.java:377)
at org.testng.SuiteRunner.access$000(SuiteRunner.java:28)
at org.testng.SuiteRunner$SuiteWorker.run(SuiteRunner.java:418)
at org.testng.internal.thread.ThreadUtil.lambda$execute$0(ThreadUtil.java:64)
at java.base/java.util.concurrent.FutureTask.run(FutureTask.java:264)
at java.base/java.util.concurrent.ThreadPoolExecutor.runWorker(ThreadPoolExecutor.java:1136)
at java.base/java.util.concurrent.ThreadPoolExecutor$Worker.run(ThreadPoolExecutor.java:635)
at java.base/java.lang.Thread.run(Thread.java:833)
]]>
            </full-stacktrace>
          </exception> <!-- java.lang.NoClassDefFoundError -->
          <reporter-output>
          </reporter-output>
        </test-method> <!-- test1 -->
        <test-method is-config="true" signature="goBackToMainPage(org.testng.ITestResult)[pri:0, instance:FacebookProjectTests.TestNGVerifyLoginFunctionality@7fa98a66]" started-at="2023-02-12T17:43:26 IST" name="goBackToMainPage" finished-at="2023-02-12T17:43:26 IST" duration-ms="323" status="PASS">
          <params>
            <param index="0">
              <value>
                <![CDATA[[TestResult name=test1 status=FAILURE method=TestNGVerifyLoginFunctionality.test1()[pri:0, instance:FacebookProjectTests.TestNGVerifyLoginFunctionality@7fa98a66] output={null}]]]>
              </value>
            </param>
          </params>
          <reporter-output>
          </reporter-output>
        </test-method> <!-- goBackToMainPage -->
        <test-method is-config="true" signature="closeTheBrowser()[pri:0, instance:FacebookProjectTests.TestNGVerifyLoginFunctionality@7fa98a66]" started-at="2023-02-12T17:43:26 IST" name="closeTheBrowser" finished-at="2023-02-12T17:43:28 IST" duration-ms="1944" status="PASS">
          <reporter-output>
          </reporter-output>
        </test-method> <!-- closeTheBrowser -->
      </class> <!-- FacebookProjectTests.TestNGVerifyLoginFunctionality -->
      <class name="FacebookProjectTests.TestNGVerifySignUpForm">
        <test-method is-config="true" signature="launchBrowser(java.lang.String)[pri:0, instance:FacebookProjectTests.TestNGVerifySignUpForm@6dc17b83]" started-at="2023-02-12T17:43:20 IST" name="launchBrowser" finished-at="2023-02-12T17:43:24 IST" duration-ms="3970" status="PASS">
          <params>
            <param index="0">
              <value>
                <![CDATA[Edge]]>
              </value>
            </param>
          </params>
          <reporter-output>
          </reporter-output>
        </test-method> <!-- launchBrowser -->
        <test-method is-config="true" signature="createPOMObject()[pri:0, instance:FacebookProjectTests.TestNGVerifySignUpForm@6dc17b83]" started-at="2023-02-12T17:43:28 IST" name="createPOMObject" finished-at="2023-02-12T17:43:28 IST" duration-ms="2" status="PASS">
          <reporter-output>
          </reporter-output>
        </test-method> <!-- createPOMObject -->
        <test-method is-config="true" signature="beforeMethod()[pri:0, instance:FacebookProjectTests.TestNGVerifySignUpForm@6dc17b83]" started-at="2023-02-12T17:43:28 IST" name="beforeMethod" finished-at="2023-02-12T17:43:31 IST" duration-ms="2945" status="PASS">
          <reporter-output>
          </reporter-output>
        </test-method> <!-- beforeMethod -->
        <test-method signature="verifyPrivacyPolicyLinkOnSignUpFORM()[pri:0, instance:FacebookProjectTests.TestNGVerifySignUpForm@6dc17b83]" started-at="2023-02-12T17:43:31 IST" name="verifyPrivacyPolicyLinkOnSignUpFORM" finished-at="2023-02-12T17:43:33 IST" duration-ms="1853" status="PASS">
          <reporter-output>
          </reporter-output>
        </test-method> <!-- verifyPrivacyPolicyLinkOnSignUpFORM -->
        <test-method is-config="true" signature="goBackToMainPage(org.testng.ITestResult)[pri:0, instance:FacebookProjectTests.TestNGVerifySignUpForm@6dc17b83]" started-at="2023-02-12T17:43:33 IST" name="goBackToMainPage" finished-at="2023-02-12T17:43:33 IST" duration-ms="30" status="PASS">
          <params>
            <param index="0">
              <value>
                <![CDATA[[TestResult name=verifyPrivacyPolicyLinkOnSignUpFORM status=SUCCESS method=TestNGVerifySignUpForm.verifyPrivacyPolicyLinkOnSignUpFORM()[pri:0, instance:FacebookProjectTests.TestNGVerifySignUpForm@6dc17b83] output={null}]]]>
              </value>
            </param>
          </params>
          <reporter-output>
          </reporter-output>
        </test-method> <!-- goBackToMainPage -->
        <test-method is-config="true" signature="beforeMethod()[pri:0, instance:FacebookProjectTests.TestNGVerifySignUpForm@6dc17b83]" started-at="2023-02-12T17:43:33 IST" name="beforeMethod" finished-at="2023-02-12T17:43:34 IST" duration-ms="1097" status="PASS">
          <reporter-output>
          </reporter-output>
        </test-method> <!-- beforeMethod -->
        <test-method signature="verifySignUpFORM()[pri:0, instance:FacebookProjectTests.TestNGVerifySignUpForm@6dc17b83]" started-at="2023-02-12T17:43:34 IST" name="verifySignUpFORM" finished-at="2023-02-12T17:43:34 IST" duration-ms="7" status="FAIL">
          <exception class="java.lang.NoClassDefFoundError">
            <message>
              <![CDATA[Could not initialize class org.apache.poi.util.IOUtils]]>
            </message>
            <full-stacktrace>
              <![CDATA[java.lang.NoClassDefFoundError: Could not initialize class org.apache.poi.util.IOUtils
at org.apache.poi.poifs.filesystem.FileMagic.valueOf(FileMagic.java:209)
at org.apache.poi.ss.usermodel.WorkbookFactory.create(WorkbookFactory.java:222)
at org.apache.poi.ss.usermodel.WorkbookFactory.create(WorkbookFactory.java:185)
at utils.Utility.getDataFromExcelSheet(Utility.java:41)
at FacebookProjectTests.TestNGVerifySignUpForm.verifySignUpFORM(TestNGVerifySignUpForm.java:115)
at java.base/jdk.internal.reflect.NativeMethodAccessorImpl.invoke0(Native Method)
at java.base/jdk.internal.reflect.NativeMethodAccessorImpl.invoke(NativeMethodAccessorImpl.java:77)
at java.base/jdk.internal.reflect.DelegatingMethodAccessorImpl.invoke(DelegatingMethodAccessorImpl.java:43)
at java.base/java.lang.reflect.Method.invoke(Method.java:568)
at org.testng.internal.MethodInvocationHelper.invokeMethod(MethodInvocationHelper.java:133)
at org.testng.internal.TestInvoker.invokeMethod(TestInvoker.java:598)
at org.testng.internal.TestInvoker.invokeTestMethod(TestInvoker.java:173)
at org.testng.internal.MethodRunner.runInSequence(MethodRunner.java:46)
at org.testng.internal.TestInvoker$MethodInvocationAgent.invoke(TestInvoker.java:824)
at org.testng.internal.TestInvoker.invokeTestMethods(TestInvoker.java:146)
at org.testng.internal.TestMethodWorker.invokeTestMethods(TestMethodWorker.java:146)
at org.testng.internal.TestMethodWorker.run(TestMethodWorker.java:128)
at java.base/java.util.ArrayList.forEach(ArrayList.java:1511)
at org.testng.TestRunner.privateRun(TestRunner.java:794)
at org.testng.TestRunner.run(TestRunner.java:596)
at org.testng.SuiteRunner.runTest(SuiteRunner.java:377)
at org.testng.SuiteRunner.access$000(SuiteRunner.java:28)
at org.testng.SuiteRunner$SuiteWorker.run(SuiteRunner.java:418)
at org.testng.internal.thread.ThreadUtil.lambda$execute$0(ThreadUtil.java:64)
at java.base/java.util.concurrent.FutureTask.run(FutureTask.java:264)
at java.base/java.util.concurrent.ThreadPoolExecutor.runWorker(ThreadPoolExecutor.java:1136)
at java.base/java.util.concurrent.ThreadPoolExecutor$Worker.run(ThreadPoolExecutor.java:635)
at java.base/java.lang.Thread.run(Thread.java:833)
]]>
            </full-stacktrace>
          </exception> <!-- java.lang.NoClassDefFoundError -->
          <reporter-output>
          </reporter-output>
        </test-method> <!-- verifySignUpFORM -->
        <test-method is-config="true" signature="goBackToMainPage(org.testng.ITestResult)[pri:0, instance:FacebookProjectTests.TestNGVerifySignUpForm@6dc17b83]" started-at="2023-02-12T17:43:34 IST" name="goBackToMainPage" finished-at="2023-02-12T17:43:34 IST" duration-ms="167" status="PASS">
          <params>
            <param index="0">
              <value>
                <![CDATA[[TestResult name=verifySignUpFORM status=FAILURE method=TestNGVerifySignUpForm.verifySignUpFORM()[pri:0, instance:FacebookProjectTests.TestNGVerifySignUpForm@6dc17b83] output={null}]]]>
              </value>
            </param>
          </params>
          <reporter-output>
          </reporter-output>
        </test-method> <!-- goBackToMainPage -->
        <test-method is-config="true" signature="beforeMethod()[pri:0, instance:FacebookProjectTests.TestNGVerifySignUpForm@6dc17b83]" started-at="2023-02-12T17:43:34 IST" name="beforeMethod" finished-at="2023-02-12T17:43:35 IST" duration-ms="996" status="PASS">
          <reporter-output>
          </reporter-output>
        </test-method> <!-- beforeMethod -->
        <test-method signature="verifyTermsLinkOnSignUpFORM()[pri:0, instance:FacebookProjectTests.TestNGVerifySignUpForm@6dc17b83]" started-at="2023-02-12T17:43:35 IST" name="verifyTermsLinkOnSignUpFORM" finished-at="2023-02-12T17:43:36 IST" duration-ms="547" status="PASS">
          <reporter-output>
          </reporter-output>
        </test-method> <!-- verifyTermsLinkOnSignUpFORM -->
        <test-method is-config="true" signature="goBackToMainPage(org.testng.ITestResult)[pri:0, instance:FacebookProjectTests.TestNGVerifySignUpForm@6dc17b83]" started-at="2023-02-12T17:43:36 IST" name="goBackToMainPage" finished-at="2023-02-12T17:43:36 IST" duration-ms="28" status="PASS">
          <params>
            <param index="0">
              <value>
                <![CDATA[[TestResult name=verifyTermsLinkOnSignUpFORM status=SUCCESS method=TestNGVerifySignUpForm.verifyTermsLinkOnSignUpFORM()[pri:0, instance:FacebookProjectTests.TestNGVerifySignUpForm@6dc17b83] output={null}]]]>
              </value>
            </param>
          </params>
          <reporter-output>
          </reporter-output>
        </test-method> <!-- goBackToMainPage -->
        <test-method is-config="true" signature="closeTheBrowser()[pri:0, instance:FacebookProjectTests.TestNGVerifySignUpForm@6dc17b83]" started-at="2023-02-12T17:43:36 IST" name="closeTheBrowser" finished-at="2023-02-12T17:43:36 IST" duration-ms="486" status="PASS">
          <reporter-output>
          </reporter-output>
        </test-method> <!-- closeTheBrowser -->
      </class> <!-- FacebookProjectTests.TestNGVerifySignUpForm -->
    </test> <!-- EdgeTest -->
  </suite> <!-- Suite -->
</testng-results>
